<?xml version="1.0" encoding="UTF-8"?>
<!-- Generated by org.testng.reporters.JUnitXMLReporter -->
<testsuite hostname="LTPCHE102076955" ignored="0" name="Default test" tests="5" failures="0" timestamp="2020-12-23T00:33:51 IST" time="0.087" errors="0">
  <testcase name="@BeforeTest beforeTest" time="-1.608663831717E9" classname="com.pom.crimson.base.BaseFixture">
    <failure type="org.testng.TestNGException" message="
Parameter &amp;apos;platformName&amp;apos; is required by BeforeTest on method beforeTest but has not been marked @Optional or defined
in C:\Users\balaji.sridharan\AppData\Local\Temp\testng-eclipse--2019978935\testng-customsuite.xml">
      <![CDATA[org.testng.TestNGException: 
Parameter 'platformName' is required by BeforeTest on method beforeTest but has not been marked @Optional or defined
in C:\Users\balaji.sridharan\AppData\Local\Temp\testng-eclipse--2019978935\testng-customsuite.xml
at org.testng.internal.Parameters.createParams(Parameters.java:272)
at org.testng.internal.Parameters.createParametersForMethod(Parameters.java:360)
at org.testng.internal.Parameters.createParameters(Parameters.java:704)
at org.testng.internal.Parameters.createConfigurationParameters(Parameters.java:166)
at org.testng.internal.ConfigInvoker.invokeConfigurations(ConfigInvoker.java:283)
at org.testng.TestRunner.invokeTestConfigurations(TestRunner.java:619)
at org.testng.TestRunner.beforeRun(TestRunner.java:609)
at org.testng.TestRunner.run(TestRunner.java:580)
at org.testng.SuiteRunner.runTest(SuiteRunner.java:384)
at org.testng.SuiteRunner.runSequentially(SuiteRunner.java:378)
at org.testng.SuiteRunner.privateRun(SuiteRunner.java:337)
at org.testng.SuiteRunner.run(SuiteRunner.java:286)
at org.testng.SuiteRunnerWorker.runSuite(SuiteRunnerWorker.java:53)
at org.testng.SuiteRunnerWorker.run(SuiteRunnerWorker.java:96)
at org.testng.TestNG.runSuitesSequentially(TestNG.java:1187)
at org.testng.TestNG.runSuitesLocally(TestNG.java:1109)
at org.testng.TestNG.runSuites(TestNG.java:1039)
at org.testng.TestNG.run(TestNG.java:1007)
at org.testng.remote.AbstractRemoteTestNG.run(AbstractRemoteTestNG.java:115)
at org.testng.remote.RemoteTestNG.initAndRun(RemoteTestNG.java:251)
at org.testng.remote.RemoteTestNG.main(RemoteTestNG.java:77)
]]>
    </failure>
  </testcase> <!-- @BeforeTest beforeTest -->
  <testcase name="@BeforeMethod beforeMethod" time="-1.608663831751E9" classname="com.pom.crimson.base.BaseFixture">
    <skipped/>
  </testcase> <!-- @BeforeMethod beforeMethod -->
  <testcase name="@BeforeMethod beforeMethodLocal" time="-1.608663831753E9" classname="com.pom.crimson.testcases.ManageProfile.ManageProfileApplePageTest">
    <skipped/>
  </testcase> <!-- @BeforeMethod beforeMethodLocal -->
  <testcase name="@AfterMethod afterMethod" time="-1.608663831761E9" classname="com.pom.crimson.base.BaseFixture">
    <skipped/>
  </testcase> <!-- @AfterMethod afterMethod -->
  <testcase name="@BeforeMethod beforeMethod" time="-1.608663831765E9" classname="com.pom.crimson.base.BaseFixture">
    <skipped/>
  </testcase> <!-- @BeforeMethod beforeMethod -->
  <testcase name="@BeforeMethod beforeMethodLocal" time="-1.608663831766E9" classname="com.pom.crimson.testcases.ManageProfile.ManageProfileApplePageTest">
    <skipped/>
  </testcase> <!-- @BeforeMethod beforeMethodLocal -->
  <testcase name="@AfterMethod afterMethod" time="-1.608663831772E9" classname="com.pom.crimson.base.BaseFixture">
    <skipped/>
  </testcase> <!-- @AfterMethod afterMethod -->
  <testcase name="@BeforeMethod beforeMethod" time="-1.608663831774E9" classname="com.pom.crimson.base.BaseFixture">
    <skipped/>
  </testcase> <!-- @BeforeMethod beforeMethod -->
  <testcase name="@BeforeMethod beforeMethodLocal" time="-1.608663831775E9" classname="com.pom.crimson.testcases.ManageProfile.ManageProfileApplePageTest">
    <skipped/>
  </testcase> <!-- @BeforeMethod beforeMethodLocal -->
  <testcase name="@AfterMethod afterMethod" time="-1.608663831781E9" classname="com.pom.crimson.base.BaseFixture">
    <skipped/>
  </testcase> <!-- @AfterMethod afterMethod -->
  <testcase name="@BeforeMethod beforeMethod" time="-1.608663831783E9" classname="com.pom.crimson.base.BaseFixture">
    <skipped/>
  </testcase> <!-- @BeforeMethod beforeMethod -->
  <testcase name="@BeforeMethod beforeMethodLocal" time="-1.608663831785E9" classname="com.pom.crimson.testcases.ManageProfile.ManageProfileApplePageTest">
    <skipped/>
  </testcase> <!-- @BeforeMethod beforeMethodLocal -->
  <testcase name="@AfterMethod afterMethod" time="-1.60866383179E9" classname="com.pom.crimson.base.BaseFixture">
    <skipped/>
  </testcase> <!-- @AfterMethod afterMethod -->
  <testcase name="@BeforeMethod beforeMethod" time="-1.608663831792E9" classname="com.pom.crimson.base.BaseFixture">
    <skipped/>
  </testcase> <!-- @BeforeMethod beforeMethod -->
  <testcase name="@BeforeMethod beforeMethodLocal" time="-1.608663831793E9" classname="com.pom.crimson.testcases.ManageProfile.ManageProfileApplePageTest">
    <skipped/>
  </testcase> <!-- @BeforeMethod beforeMethodLocal -->
  <testcase name="@AfterMethod afterMethod" time="-1.608663831797E9" classname="com.pom.crimson.base.BaseFixture">
    <skipped/>
  </testcase> <!-- @AfterMethod afterMethod -->
  <testcase name="@AfterTest afterTest" time="-1.608663831798E9" classname="com.pom.crimson.base.BaseFixture">
    <skipped/>
  </testcase> <!-- @AfterTest afterTest -->
  <testcase name="OnboardingPHBSwitchArchetypeviaApple" time="0.0" classname="com.pom.crimson.testcases.ManageProfile.ManageProfileApplePageTest">
    <skipped/>
  </testcase> <!-- OnboardingPHBSwitchArchetypeviaApple -->
  <testcase name="OnboardingPRGSwitchArchetypedMaleFlowviaApple" time="0.0" classname="com.pom.crimson.testcases.ManageProfile.ManageProfileApplePageTest">
    <skipped/>
  </testcase> <!-- OnboardingPRGSwitchArchetypedMaleFlowviaApple -->
  <testcase name="SwitchArchetyped_NB_to_CC_viaApple" time="0.0" classname="com.pom.crimson.testcases.ManageProfile.ManageProfileApplePageTest">
    <skipped/>
  </testcase> <!-- SwitchArchetyped_NB_to_CC_viaApple -->
  <testcase name="SwitchArchetyped_CC_to_PHB_viaApple" time="0.0" classname="com.pom.crimson.testcases.ManageProfile.ManageProfileApplePageTest">
    <skipped/>
  </testcase> <!-- SwitchArchetyped_CC_to_PHB_viaApple -->
  <testcase name="OnboardingPHBUpdateArchetypedMaleFlowviaApple" time="0.0" classname="com.pom.crimson.testcases.ManageProfile.ManageProfileApplePageTest">
    <skipped/>
  </testcase> <!-- OnboardingPHBUpdateArchetypedMaleFlowviaApple -->
</testsuite> <!-- Default test -->
