<?xml version="1.0" encoding="UTF-8"?>
<!-- Generated by org.testng.reporters.JUnitReportReporter -->
<testsuite hostname="LTPCHE082135946" failures="1" tests="21" name="com.pom.crimson.testcases.api.GroupAdviceAPITest" time="12.038" errors="0" timestamp="2021-01-22T19:17:47 IST" skipped="2">
  <testcase classname="com.pom.crimson.testcases.api.GroupAdviceAPITest" name="verifyRootAPI" time="0.221"/>
  <system-out/>
  <testcase classname="com.pom.crimson.testcases.api.GroupAdviceAPITest" name="verifyGetAllGroupsAPI" time="0.415"/>
  <system-out/>
  <testcase classname="com.pom.crimson.testcases.api.GroupAdviceAPITest" name="verifyGetGroupByGroupIDAPI" time="0.684"/>
  <system-out/>
  <testcase classname="com.pom.crimson.testcases.api.GroupAdviceAPITest" name="verifyGetGroupMemInfoByGroupIDAPI" time="0.801"/>
  <system-out/>
  <testcase classname="com.pom.crimson.testcases.api.GroupAdviceAPITest" name="verifyGetAllAvailableGroupsAPI" time="0.417"/>
  <system-out/>
  <testcase classname="com.pom.crimson.testcases.api.GroupAdviceAPITest" name="verifyGetGroupByUserIDAPI" time="0.659"/>
  <system-out/>
  <testcase classname="com.pom.crimson.testcases.api.GroupAdviceAPITest" name="verifyGroupInviteAPI" time="1.576"/>
  <system-out/>
  <testcase classname="com.pom.crimson.testcases.api.GroupAdviceAPITest" name="verifyGetGroupByLiveEventsAPI" time="0.540"/>
  <system-out/>
  <testcase classname="com.pom.crimson.testcases.api.GroupAdviceAPITest" name="verifyGetEventsByTopicIDAPI" time="0.836"/>
  <system-out/>
  <testcase classname="com.pom.crimson.testcases.api.GroupAdviceAPITest" name="verifyGetPastEventsByUserAPI" time="0.436"/>
  <system-out/>
  <testcase classname="com.pom.crimson.testcases.api.GroupAdviceAPITest" name="verifyGetUpcomingEventsByUserAPI" time="0.327"/>
  <system-out/>
  <testcase classname="com.pom.crimson.testcases.api.GroupAdviceAPITest" name="verifyGetAllTopicsAPI" time="0.303"/>
  <system-out/>
  <testcase classname="com.pom.crimson.testcases.api.GroupAdviceAPITest" name="verifyGetTopicByTopicIDAPI" time="0.706"/>
  <system-out/>
  <testcase classname="com.pom.crimson.testcases.api.GroupAdviceAPITest" name="verifyGetInterestsByTopicIDAPI" time="0.778">
    <failure message="The following asserts failed:
	Interests retrieved for the topic is not empty. expected [true] but found [false]" type="java.lang.AssertionError">
      <![CDATA[java.lang.AssertionError: The following asserts failed:
Interests retrieved for the topic is not empty. expected [true] but found [false]
at org.testng.asserts.SoftAssert.assertAll(SoftAssert.java:47)
at org.testng.asserts.SoftAssert.assertAll(SoftAssert.java:31)
at com.pom.crimson.testcases.api.GroupAdviceAPITest.verifyGetInterestsByTopicIDAPI(GroupAdviceAPITest.java:319)
at java.base/jdk.internal.reflect.NativeMethodAccessorImpl.invoke0(Native Method)
at java.base/jdk.internal.reflect.NativeMethodAccessorImpl.invoke(NativeMethodAccessorImpl.java:62)
at java.base/jdk.internal.reflect.DelegatingMethodAccessorImpl.invoke(DelegatingMethodAccessorImpl.java:43)
at java.base/java.lang.reflect.Method.invoke(Method.java:564)
at org.testng.internal.MethodInvocationHelper.invokeMethod(MethodInvocationHelper.java:134)
at org.testng.internal.TestInvoker.invokeMethod(TestInvoker.java:597)
at org.testng.internal.TestInvoker.invokeTestMethod(TestInvoker.java:173)
at org.testng.internal.MethodRunner.runInSequence(MethodRunner.java:46)
at org.testng.internal.TestInvoker$MethodInvocationAgent.invoke(TestInvoker.java:816)
at org.testng.internal.TestInvoker.invokeTestMethods(TestInvoker.java:146)
at org.testng.internal.TestMethodWorker.invokeTestMethods(TestMethodWorker.java:146)
at org.testng.internal.TestMethodWorker.run(TestMethodWorker.java:128)
at java.base/java.util.ArrayList.forEach(ArrayList.java:1380)
at org.testng.TestRunner.privateRun(TestRunner.java:766)
at org.testng.TestRunner.run(TestRunner.java:587)
at org.testng.SuiteRunner.runTest(SuiteRunner.java:384)
at org.testng.SuiteRunner.runSequentially(SuiteRunner.java:378)
at org.testng.SuiteRunner.privateRun(SuiteRunner.java:337)
at org.testng.SuiteRunner.run(SuiteRunner.java:286)
at org.testng.SuiteRunnerWorker.runSuite(SuiteRunnerWorker.java:53)
at org.testng.SuiteRunnerWorker.run(SuiteRunnerWorker.java:96)
at org.testng.TestNG.runSuitesSequentially(TestNG.java:1187)
at org.testng.TestNG.runSuitesLocally(TestNG.java:1109)
at org.testng.TestNG.runSuites(TestNG.java:1039)
at org.testng.TestNG.run(TestNG.java:1007)
at org.testng.remote.AbstractRemoteTestNG.run(AbstractRemoteTestNG.java:115)
at org.testng.remote.RemoteTestNG.initAndRun(RemoteTestNG.java:251)
at org.testng.remote.RemoteTestNG.main(RemoteTestNG.java:77)
]]>
    </failure>
  </testcase> <!-- verifyGetInterestsByTopicIDAPI -->
  <system-out/>
  <testcase classname="com.pom.crimson.testcases.api.GroupAdviceAPITest" name="verifyPostRecomTopicByTopicIDAPI" time="0.848"/>
  <system-out/>
  <testcase classname="com.pom.crimson.testcases.api.GroupAdviceAPITest" name="verifyGetRecommendedGroupsForUserAPI" time="0.752"/>
  <system-out/>
  <testcase classname="com.pom.crimson.testcases.api.GroupAdviceAPITest" name="verifygetRecommendedEventsAPI" time="0.660"/>
  <system-out/>
  <testcase classname="com.pom.crimson.testcases.api.GroupAdviceAPITest" name="verifyGetSimilarEventsByTopicIDAPI" time="0.888"/>
  <system-out/>
  <testcase classname="com.pom.crimson.testcases.api.GroupAdviceAPITest" name="verifygetAllActiveRecomTopicByUserAPI" time="0.191"/>
  <system-out/>
  <testcase classname="com.pom.crimson.testcases.api.GroupAdviceAPITest" name="verifygetRelationByUserIDAPI">
    <skipped/>
  </testcase> <!-- verifygetRelationByUserIDAPI -->
  <system-out/>
  <testcase classname="com.pom.crimson.testcases.api.GroupAdviceAPITest" name="verifyJoinGroupV2API">
    <skipped/>
  </testcase> <!-- verifyJoinGroupV2API -->
  <system-out/>
</testsuite> <!-- com.pom.crimson.testcases.api.GroupAdviceAPITest -->
