<?xml version="1.0" encoding="UTF-8"?>
<!-- Generated by org.testng.reporters.JUnitReportReporter -->
<testsuite skipped="0" hostname="LTPCHE102076955" name="com.pom.crimson.testcases.momentlog.smoke.AddNewMomentPageTest" tests="8" failures="0" timestamp="2021-01-03T08:46:27 IST" time="838.696" errors="2">
  <testcase name="deleteAllData_AddNewMomentPageTest" time="38.669" classname="com.pom.crimson.testcases.momentlog.smoke.AddNewMomentPageTest"/>
  <system-out/>
  <testcase name="verifyNavigationToAddNewMomentPage_AddNewMomentsPageTest" time="48.777" classname="com.pom.crimson.testcases.momentlog.smoke.AddNewMomentPageTest"/>
  <system-out/>
  <testcase name="selectSingleImageFromGallery_AddNewMomentsPageTest" time="91.219" classname="com.pom.crimson.testcases.momentlog.smoke.AddNewMomentPageTest"/>
  <system-out/>
  <testcase name="selectMultipleImageFromGallery_AddNewMomentsPageTest" time="202.280" classname="com.pom.crimson.testcases.momentlog.smoke.AddNewMomentPageTest"/>
  <system-out/>
  <testcase name="verifyMomentForMyselfWithNote_AddNewMomentsPageTest" time="69.751" classname="com.pom.crimson.testcases.momentlog.smoke.AddNewMomentPageTest">
    <error type="java.lang.NullPointerException">
      <![CDATA[java.lang.NullPointerException
at com.pom.crimson.listeners.LogAssert.onAssertFailure(LogAssert.java:42)
at org.testng.asserts.SoftAssert.doAssert(SoftAssert.java:23)
at org.testng.asserts.Assertion.assertEquals(Assertion.java:172)
at com.pom.crimson.testcases.momentlog.smoke.AddNewMomentPageTest.verifyMomentForMyselfWithNote_AddNewMomentsPageTest(AddNewMomentPageTest.java:202)
at sun.reflect.NativeMethodAccessorImpl.invoke0(Native Method)
at sun.reflect.NativeMethodAccessorImpl.invoke(NativeMethodAccessorImpl.java:62)
at sun.reflect.DelegatingMethodAccessorImpl.invoke(DelegatingMethodAccessorImpl.java:43)
at java.lang.reflect.Method.invoke(Method.java:498)
at org.testng.internal.MethodInvocationHelper.invokeMethod(MethodInvocationHelper.java:134)
at org.testng.internal.TestInvoker.invokeMethod(TestInvoker.java:597)
at org.testng.internal.TestInvoker.invokeTestMethod(TestInvoker.java:173)
at org.testng.internal.MethodRunner.runInSequence(MethodRunner.java:46)
at org.testng.internal.TestInvoker$MethodInvocationAgent.invoke(TestInvoker.java:816)
at org.testng.internal.TestInvoker.invokeTestMethods(TestInvoker.java:146)
at org.testng.internal.TestMethodWorker.invokeTestMethods(TestMethodWorker.java:146)
at org.testng.internal.TestMethodWorker.run(TestMethodWorker.java:128)
at java.util.ArrayList.forEach(ArrayList.java:1257)
at org.testng.TestRunner.privateRun(TestRunner.java:766)
at org.testng.TestRunner.run(TestRunner.java:587)
at org.testng.SuiteRunner.runTest(SuiteRunner.java:384)
at org.testng.SuiteRunner.runSequentially(SuiteRunner.java:378)
at org.testng.SuiteRunner.privateRun(SuiteRunner.java:337)
at org.testng.SuiteRunner.run(SuiteRunner.java:286)
at org.testng.SuiteRunnerWorker.runSuite(SuiteRunnerWorker.java:53)
at org.testng.SuiteRunnerWorker.run(SuiteRunnerWorker.java:96)
at org.testng.TestNG.runSuitesSequentially(TestNG.java:1187)
at org.testng.TestNG.runSuitesLocally(TestNG.java:1109)
at org.testng.TestNG.runSuites(TestNG.java:1039)
at org.testng.TestNG.run(TestNG.java:1007)
at org.testng.remote.AbstractRemoteTestNG.run(AbstractRemoteTestNG.java:115)
at org.testng.remote.RemoteTestNG.initAndRun(RemoteTestNG.java:251)
at org.testng.remote.RemoteTestNG.main(RemoteTestNG.java:77)
]]>
    </error>
  </testcase> <!-- verifyMomentForMyselfWithNote_AddNewMomentsPageTest -->
  <system-out/>
  <testcase name="verifyMomentDeletion_AddNewMomentsPageTest" time="148.797" classname="com.pom.crimson.testcases.momentlog.smoke.AddNewMomentPageTest"/>
  <system-out/>
  <testcase name="verifyCrossBtn_AddNewMomentsPageTest" time="106.615" classname="com.pom.crimson.testcases.momentlog.smoke.AddNewMomentPageTest"/>
  <system-out/>
  <testcase name="verifyCameraImageMoment_AddNewMomentPageTest" time="132.588" classname="com.pom.crimson.testcases.momentlog.smoke.AddNewMomentPageTest">
    <error type="java.lang.NullPointerException">
      <![CDATA[java.lang.NullPointerException
at com.pom.crimson.listeners.LogAssert.onAssertFailure(LogAssert.java:42)
at org.testng.asserts.SoftAssert.doAssert(SoftAssert.java:23)
at org.testng.asserts.Assertion.assertEquals(Assertion.java:172)
at com.pom.crimson.testcases.momentlog.smoke.AddNewMomentPageTest.verifyCameraImageMoment_AddNewMomentPageTest(AddNewMomentPageTest.java:303)
at sun.reflect.NativeMethodAccessorImpl.invoke0(Native Method)
at sun.reflect.NativeMethodAccessorImpl.invoke(NativeMethodAccessorImpl.java:62)
at sun.reflect.DelegatingMethodAccessorImpl.invoke(DelegatingMethodAccessorImpl.java:43)
at java.lang.reflect.Method.invoke(Method.java:498)
at org.testng.internal.MethodInvocationHelper.invokeMethod(MethodInvocationHelper.java:134)
at org.testng.internal.TestInvoker.invokeMethod(TestInvoker.java:597)
at org.testng.internal.TestInvoker.invokeTestMethod(TestInvoker.java:173)
at org.testng.internal.MethodRunner.runInSequence(MethodRunner.java:46)
at org.testng.internal.TestInvoker$MethodInvocationAgent.invoke(TestInvoker.java:816)
at org.testng.internal.TestInvoker.invokeTestMethods(TestInvoker.java:146)
at org.testng.internal.TestMethodWorker.invokeTestMethods(TestMethodWorker.java:146)
at org.testng.internal.TestMethodWorker.run(TestMethodWorker.java:128)
at java.util.ArrayList.forEach(ArrayList.java:1257)
at org.testng.TestRunner.privateRun(TestRunner.java:766)
at org.testng.TestRunner.run(TestRunner.java:587)
at org.testng.SuiteRunner.runTest(SuiteRunner.java:384)
at org.testng.SuiteRunner.runSequentially(SuiteRunner.java:378)
at org.testng.SuiteRunner.privateRun(SuiteRunner.java:337)
at org.testng.SuiteRunner.run(SuiteRunner.java:286)
at org.testng.SuiteRunnerWorker.runSuite(SuiteRunnerWorker.java:53)
at org.testng.SuiteRunnerWorker.run(SuiteRunnerWorker.java:96)
at org.testng.TestNG.runSuitesSequentially(TestNG.java:1187)
at org.testng.TestNG.runSuitesLocally(TestNG.java:1109)
at org.testng.TestNG.runSuites(TestNG.java:1039)
at org.testng.TestNG.run(TestNG.java:1007)
at org.testng.remote.AbstractRemoteTestNG.run(AbstractRemoteTestNG.java:115)
at org.testng.remote.RemoteTestNG.initAndRun(RemoteTestNG.java:251)
at org.testng.remote.RemoteTestNG.main(RemoteTestNG.java:77)
]]>
    </error>
  </testcase> <!-- verifyCameraImageMoment_AddNewMomentPageTest -->
  <system-out/>
</testsuite> <!-- com.pom.crimson.testcases.momentlog.smoke.AddNewMomentPageTest -->
