<?xml version="1.0" encoding="UTF-8"?>
<!-- Generated by org.testng.reporters.JUnitXMLReporter -->
<testsuite ignored="0" hostname="LTPCHE082135946" failures="3" tests="12" name="Pixel_3_API_30" time="2056.256" errors="0" timestamp="2021-01-22T19:17:47 IST">
  <testcase classname="com.pom.crimson.testcases.LiveEvents.LiveEventsPageTest" name="verifyEventsPageLoad" time="76.531"/>
  <testcase classname="com.pom.crimson.testcases.LiveEvents.LiveEventsPageTest" name="verifyRecommendedEventCard" time="158.612"/>
  <testcase classname="com.pom.crimson.testcases.LiveEvents.LiveEventsPageTest" name="verifyAllLiveEvents" time="248.929"/>
  <testcase classname="com.pom.crimson.testcases.LiveEvents.LiveEventsPageTest" name="verifyEventDetailsPageUnAssigned" time="312.061">
    <failure type="java.lang.AssertionError" message="The following asserts failed:
	&amp;quot;LIVE FORMAT&amp;quot; Heading should be displayed expected [true] but found [false],
	&amp;quot;DURATION&amp;quot; Heading should be displayed expected [true] but found [false],
	&amp;quot;HOW TO PARTICIPATE&amp;quot; Heading should be displayed expected [true] but found [false]">
      <![CDATA[java.lang.AssertionError: The following asserts failed:
"LIVE FORMAT" Heading should be displayed expected [true] but found [false],
"DURATION" Heading should be displayed expected [true] but found [false],
"HOW TO PARTICIPATE" Heading should be displayed expected [true] but found [false]
at com.pom.crimson.testcases.LiveEvents.LiveEventsPageTest.verifyEventDetailsPageUnAssigned(LiveEventsPageTest.java:286)
at java.base/java.util.ArrayList.forEach(ArrayList.java:1380)
... Removed 29 stack frames]]>
    </failure>
  </testcase> <!-- verifyEventDetailsPageUnAssigned -->
  <testcase classname="com.pom.crimson.testcases.LiveEvents.LiveEventsPageTest" name="verifyUpcomingEventCardHPBeforeEventScheduling" time="38.682"/>
  <testcase classname="com.pom.crimson.testcases.LiveEvents.LiveEventsPageTest" name="verifyEventScheduling" time="70.236"/>
  <testcase classname="com.pom.crimson.testcases.LiveEvents.LiveEventsPageTest" name="verifyUpcomingEventCard" time="170.772">
    <failure type="java.lang.AssertionError" message="The following asserts failed:
	Similar live events heading should be displayed expected [true] but found [false]">
      <![CDATA[java.lang.AssertionError: The following asserts failed:
Similar live events heading should be displayed expected [true] but found [false]
at com.pom.crimson.testcases.LiveEvents.LiveEventsPageTest.verifyUpcomingEventCard(LiveEventsPageTest.java:432)
at java.base/java.util.ArrayList.forEach(ArrayList.java:1380)
... Removed 29 stack frames]]>
    </failure>
  </testcase> <!-- verifyUpcomingEventCard -->
  <testcase classname="com.pom.crimson.testcases.LiveEvents.LiveEventsPageTest" name="verifySeeAllUpcomingEvents" time="103.807"/>
  <testcase classname="com.pom.crimson.testcases.LiveEvents.LiveEventsPageTest" name="verifyUpcomingEventCardHP" time="109.927"/>
  <testcase classname="com.pom.crimson.testcases.LiveEvents.LiveEventsPageTest" name="verifyAllInterests" time="74.397"/>
  <testcase classname="com.pom.crimson.testcases.LiveEvents.LiveEventsPageTest" name="verifyContactUsPageFromLiveEvents" time="31.722"/>
  <testcase classname="com.pom.crimson.testcases.LiveEvents.LiveEventsPageTest" name="verifyContactUsPageFromEventDtlsPage" time="202.313">
    <failure type="java.lang.AssertionError" message="The following asserts failed:
	&amp;quot;Drop us a message&amp;quot; link should be displayed expected [false] but found [true]">
      <![CDATA[java.lang.AssertionError: The following asserts failed:
"Drop us a message" link should be displayed expected [false] but found [true]
at com.pom.crimson.testcases.LiveEvents.LiveEventsPageTest.verifyContactUsPageFromEventDtlsPage(LiveEventsPageTest.java:687)
at java.base/java.util.ArrayList.forEach(ArrayList.java:1380)
... Removed 29 stack frames]]>
    </failure>
  </testcase> <!-- verifyContactUsPageFromEventDtlsPage -->
</testsuite> <!-- Pixel_3_API_30 -->
